<?xml version="1.0" encoding="UTF-8"?>
<testsuite xmlns:xsi="http://www.w3.org/2001/XMLSchema-instance" xsi:noNamespaceSchemaLocation="https://maven.apache.org/surefire/maven-surefire-plugin/xsd/surefire-test-report-3.0.xsd" version="3.0" name="TestSuite" time="58.506" tests="36" errors="0" skipped="0" failures="0">
  <properties>
[...]
</properties>
  <testcase name="test_mainContent_CustomerLoginButton" classname="pages.Home" time="3.269">
    <system-out><![CDATA[INFO  BaseTest - @BeforeTest: info
WARN  BaseTest - @BeforeTest: warn
ERROR BaseTest - @BeforeTest: error
DEBUG BaseTest - @BeforeTest: debug
FATAL BaseTest - @BeforeTest: fatal
NAVIGATION: start
]]></system-out>
    <system-err><![CDATA[SLF4J: Failed to load class "org.slf4j.impl.StaticLoggerBinder".
SLF4J: Defaulting to no-operation (NOP) logger implementation
SLF4J: See http://www.slf4j.org/codes.html#StaticLoggerBinder for further details.
Starting ChromeDriver 96.0.4664.45 (76e4c1bb2ab4671b8beba3444e61c0f17584b2fc-refs/branch-heads/4664@{#947}) on port 22589
Only local connections are allowed.
Please see https://chromedriver.chromium.org/security-considerations for suggestions on keeping ChromeDriver safe.
ChromeDriver was started successfully.
Dec 30, 2021 3:50:47 PM org.openqa.selenium.remote.ProtocolHandshake createSession
INFO: Detected dialect: W3C
log4j:WARN No such property [conversationPattern] in org.apache.log4j.PatternLayout.
]]></system-err>
  </testcase>
  <testcase name="test_mainContent_ManagerLoginButton" classname="pages.Home" time="2.644">
    <system-out><![CDATA[NAVIGATION: start
]]></system-out>
  </testcase>
  <testcase name="test_navbar_HomeButton" classname="pages.Home" time="0.087">
    <system-out><![CDATA[NAVIGATION: start
]]></system-out>
  </testcase>
  <testcase name="testAddCustomerForm" classname="pages.Manager_AddCustomer" time="3.854">
    <system-out><![CDATA[utils.Excel_Sheet@45b15381
row: Manager-AddCustomer={INPUT-3=pcode0, =, INPUT-4=null, INPUT-1=fname1, INPUT-2=lname1}
Key: Manager-AddCustomer, Values: {INPUT-3=pcode0, =, INPUT-4=null, INPUT-1=fname1, INPUT-2=lname1}
alertText: Customer added successfully with customer id :6
]]></system-out>
  </testcase>
  <testcase name="testHomeButton" classname="pages.Manager_AddCustomer" time="0.113">
    <system-out><![CDATA[utils.Excel_Sheet@45b15381
]]></system-out>
  </testcase>
  <testcase name="testNavigationToCustomersTable" classname="pages.Manager_AddCustomer" time="0.094">
    <system-out><![CDATA[utils.Excel_Sheet@45b15381
]]></system-out>
  </testcase>
  <testcase name="testNavigationToOpenAccount" classname="pages.Manager_AddCustomer" time="0.598">
    <system-out><![CDATA[utils.Excel_Sheet@45b15381
]]></system-out>
  </testcase>
  <testcase name="testFormOpenAccount" classname="pages.Manager_OpenAccount" time="1.175"/>
  <testcase name="testHomeButton" classname="pages.Manager_OpenAccount" time="0.113"/>
  <testcase name="testNavigationToAddCustomer" classname="pages.Manager_OpenAccount" time="0.088"/>
  <testcase name="testNavigationToCustomersTable" classname="pages.Manager_OpenAccount" time="0.092"/>
  <testcase name="test" classname="pages.Customer_Dashboard" time="1.524"/>
  <testcase name="testAccountInfoDisplay" classname="pages.Customer_Dashboard" time="0.186"/>
  <testcase name="testHomeButton" classname="pages.Customer_Dashboard" time="0.084"/>
  <testcase name="testLogoutButton" classname="pages.Customer_Dashboard" time="0.092"/>
  <testcase name="testNavigationTransactions" classname="pages.Customer_Dashboard" time="0.599"/>
  <testcase name="testSelectingAccountNumber" classname="pages.Customer_Dashboard" time="0.391"/>
  <testcase name="testUserGreeting" classname="pages.Customer_Dashboard" time="0.065"/>
  <testcase name="testLoginForm" classname="pages.Customer_Login" time="0.294"/>
  <testcase name="testNavigationHome" classname="pages.Customer_Login" time="0.109"/>
  <testcase name="testDatePicker" classname="pages.Customer_Transactions" time="16.492">
    <system-out><![CDATA[date picker value: 2015-01-01T00:00:00.000
date: 2015-01-01T00:00:00.000... is datePicker: true
date: 2015-07-28T00:00:00.000... is datePicker: true
date: Jan 1, 2015 12:00:00 AM... is datePicker: false
date: Jul 28, 2015 12:00:00 AM... is datePicker: false
]]></system-out>
  </testcase>
  <testcase name="testHomeButton" classname="pages.Customer_Transactions" time="0.102"/>
  <testcase name="testLogoutButton" classname="pages.Customer_Transactions" time="0.09"/>
  <testcase name="testResetButton_andCorrectRecentData" classname="pages.Customer_Transactions" time="3.681">
    <system-out><![CDATA[
Assert-1
from table: 1000 | our input: 1000
from table: 100 | our input: 100
from table: 800 | our input: 800
from table: 101 | our input: 101
from table: 500 | our input: 500
from table: 102 | our input: 102
]]></system-out>
  </testcase>
  <testcase name="testTableSorting" classname="pages.Customer_Transactions" time="5.237">
    <system-out><![CDATA[
Assert-1
from table: 1000 | our input: 1000
from table: 100 | our input: 100
from table: 800 | our input: 800
from table: 101 | our input: 101
from table: 500 | our input: 500
from table: 102 | our input: 102

Assert-2
actual: 102 | expected: 102
actual: 500 | expected: 500
actual: 101 | expected: 101
actual: 800 | expected: 800
actual: 100 | expected: 100
actual: 1000 | expected: 1000
]]></system-out>
  </testcase>
  <testcase name="testDeleteCustomer" classname="pages.Manager_CustomerTable" time="0.424"/>
  <testcase name="testNavigationAddCustomer" classname="pages.Manager_CustomerTable" time="0.092"/>
  <testcase name="testNavigationHomeButton" classname="pages.Manager_CustomerTable" time="0.107"/>
  <testcase name="testNavigationOpenAccount" classname="pages.Manager_CustomerTable" time="0.089"/>
  <testcase name="testSearchBar" classname="pages.Manager_CustomerTable" time="0.256"/>
  <testcase name="testTableShowsNewAccounts" classname="pages.Manager_CustomerTable" time="0.676">
    <system-out><![CDATA[ASSERT table shows new accounts
Accounts Before:
First Name
Hermoine
Harry
Ron
Neville
fname1
]]></system-out>
  </testcase>
  <testcase name="testTableSort" classname="pages.Manager_CustomerTable" time="1.304">
    <system-out><![CDATA[***
COMPARE MATRICES
actual: First Name
expected: First Name

actual: fname1
expected: fname1

actual: Harry
expected: Harry

actual: Hermoine
expected: Hermoine

actual: Neville
expected: Neville

actual: Ron
expected: Ron

***
COMPARE MATRICES
actual: Last Name
expected: Last Name

actual: Granger
expected: Granger

actual: lname1
expected: lname1

actual: Longbottom
expected: Longbottom

actual: Potter
expected: Potter

actual: Weasly
expected: Weasly

***
COMPARE MATRICES
actual: Post Code
expected: Post Code

actual: E55555
expected: E55555

actual: E725JB
expected: E725JB

actual: E859AB
expected: E859AB

actual: E89898
expected: E89898

actual: pcode0
expected: pcode0

]]></system-out>
  </testcase>
  <testcase name="testAddCusterButton" classname="pages.Manager_Dashboard" time="0.096"/>
  <testcase name="testCustomerTable" classname="pages.Manager_Dashboard" time="0.091"/>
  <testcase name="testHomeButton" classname="pages.Manager_Dashboard" time="0.115"/>
  <testcase name="testOpenAccountButton" classname="pages.Manager_Dashboard" time="0.091"/>
</testsuite>